mex(...
'-c', ...
'/Users/bradyplanden/Documents/Git Repos/SimulinkMPC/C_Caller_Example/fmpc.c', ...
'/Users/bradyplanden/Documents/Git Repos/SimulinkMPC/slprj/_slcc/Wf93hEvufzYbMfAA7e5KHE/slcc_interface_Wf93hEvufzYbMfAA7e5KHE.c', ...
'-silent', ...
'-largeArrayDims', ...
'-f', ...
'/Users/bradyplanden/Library/Application Support/MathWorks/MATLAB/R2018b/mex_C_maci64.xml', ...
'LDEXT=".dylib"', ...
'LINKEXPORT=', ...
'LINKEXPORTVER=', ...
'LDBUNDLE=-dynamiclib', ...
'-I/Applications/MATLAB_R2018b.app/extern/include', ...
'-I/Applications/MATLAB_R2018b.app/simulink/include', ...
'-I/Users/bradyplanden/Documents/Git Repos/SimulinkMPC/slprj/_slcc/Wf93hEvufzYbMfAA7e5KHE', ...
'-I/Users/bradyplanden/Documents/Git Repos/SimulinkMPC/C_Caller_Example', ...
'-I/Users/bradyplanden/Documents/Git Repos/SimulinkMPC', ...
'CFLAGS=$CFLAGS  -fvisibility=hidden');
mex(...
'fmpc.o', ...
'slcc_interface_Wf93hEvufzYbMfAA7e5KHE.o', ...
'-silent', ...
'-largeArrayDims', ...
'-f', ...
'/Users/bradyplanden/Library/Application Support/MathWorks/MATLAB/R2018b/mex_C_maci64.xml', ...
'LDEXT=".dylib"', ...
'LINKEXPORT=', ...
'LINKEXPORTVER=', ...
'LDBUNDLE=-dynamiclib', ...
'-I/Applications/MATLAB_R2018b.app/extern/include', ...
'-I/Applications/MATLAB_R2018b.app/simulink/include', ...
'-I/Users/bradyplanden/Documents/Git Repos/SimulinkMPC/slprj/_slcc/Wf93hEvufzYbMfAA7e5KHE', ...
'-I/Users/bradyplanden/Documents/Git Repos/SimulinkMPC/C_Caller_Example', ...
'-I/Users/bradyplanden/Documents/Git Repos/SimulinkMPC', ...
'CFLAGS=$CFLAGS  -fvisibility=hidden', ...
'LDFLAGS=$LDFLAGS -L"/Applications/MATLAB_R2018b.app/bin/maci64" -lmwsl_sfcn_cov_bridge', ...
'-output', ...
'Wf93hEvufzYbMfAA7e5KHE_cclib');
