mex(...
'-c', ...
'/Users/bradyplanden/Documents/Git Repos/SimulinkMPC/C_Caller_Example/fmpc_simulink.c', ...
'/Users/bradyplanden/Documents/Git Repos/SimulinkMPC/C_Caller_Example/slprj/_slcc/Fz52PAglF2YZP0woHAvImD/slcc_interface_Fz52PAglF2YZP0woHAvImD.c', ...
'-silent', ...
'-largeArrayDims', ...
'-f', ...
'/Users/bradyplanden/Library/Application Support/MathWorks/MATLAB/R2018b/mex_C_maci64.xml', ...
'LDEXT=".dylib"', ...
'LINKEXPORT=', ...
'LINKEXPORTVER=', ...
'LDBUNDLE=-dynamiclib', ...
'-I/Applications/MATLAB_R2018b.app/extern/include', ...
'-I/Applications/MATLAB_R2018b.app/simulink/include', ...
'-I/Users/bradyplanden/Documents/Git Repos/SimulinkMPC/C_Caller_Example/slprj/_slcc/Fz52PAglF2YZP0woHAvImD', ...
'-I/Users/bradyplanden/Documents/Git Repos/SimulinkMPC/C_Caller_Example/#include', ...
'-I/Users/bradyplanden/Documents/Git Repos/SimulinkMPC/C_Caller_Example', ...
'CFLAGS=$CFLAGS  -fvisibility=hidden');
mex(...
'fmpc_simulink.o', ...
'slcc_interface_Fz52PAglF2YZP0woHAvImD.o', ...
'-silent', ...
'-largeArrayDims', ...
'-f', ...
'/Users/bradyplanden/Library/Application Support/MathWorks/MATLAB/R2018b/mex_C_maci64.xml', ...
'LDEXT=".dylib"', ...
'LINKEXPORT=', ...
'LINKEXPORTVER=', ...
'LDBUNDLE=-dynamiclib', ...
'-I/Applications/MATLAB_R2018b.app/extern/include', ...
'-I/Applications/MATLAB_R2018b.app/simulink/include', ...
'-I/Users/bradyplanden/Documents/Git Repos/SimulinkMPC/C_Caller_Example/slprj/_slcc/Fz52PAglF2YZP0woHAvImD', ...
'-I/Users/bradyplanden/Documents/Git Repos/SimulinkMPC/C_Caller_Example/#include', ...
'-I/Users/bradyplanden/Documents/Git Repos/SimulinkMPC/C_Caller_Example', ...
'CFLAGS=$CFLAGS  -fvisibility=hidden', ...
'LDFLAGS=$LDFLAGS -L"/Applications/MATLAB_R2018b.app/bin/maci64" -lmwsl_sfcn_cov_bridge', ...
'-output', ...
'Fz52PAglF2YZP0woHAvImD_cclib');
