mex(...
'-c', ...
'/Users/bradyplanden/Documents/Git Repos/SimulinkMPC/slprj/_slcc/eByOhBFgjorYVRijhpE1gD/slcc_instrum1_eByOhBFgjorYVRijhpE1gD_cclib.c', ...
'/Users/bradyplanden/Documents/Git Repos/SimulinkMPC/slprj/_slcc/eByOhBFgjorYVRijhpE1gD/slcc_interface_eByOhBFgjorYVRijhpE1gD.c', ...
'/Users/bradyplanden/Documents/Git Repos/SimulinkMPC/slprj/_slcc/eByOhBFgjorYVRijhpE1gD/slcc_instrumtr_eByOhBFgjorYVRijhpE1gD_cclib.c', ...
'-silent', ...
'-largeArrayDims', ...
'-f', ...
'/Users/bradyplanden/Library/Application Support/MathWorks/MATLAB/R2018b/mex_C_maci64.xml', ...
'LDEXT=".dylib"', ...
'LINKEXPORT=', ...
'LINKEXPORTVER=', ...
'LDBUNDLE=-dynamiclib', ...
'-I/Applications/MATLAB_R2018b.app/extern/include', ...
'-I/Applications/MATLAB_R2018b.app/simulink/include', ...
'-I/Users/bradyplanden/Documents/Git Repos/SimulinkMPC/slprj/_slcc/eByOhBFgjorYVRijhpE1gD', ...
'-I/usr/lib', ...
'-I/Users/bradyplanden/Documents/Git Repos/SimulinkMPC/C_Caller_Example', ...
'-I/Users/bradyplanden/Documents/Git Repos/SimulinkMPC', ...
'CFLAGS=$CFLAGS  -fvisibility=hidden');
mex(...
'slcc_instrum1_eByOhBFgjorYVRijhpE1gD_cclib.o', ...
'slcc_interface_eByOhBFgjorYVRijhpE1gD.o', ...
'slcc_instrumtr_eByOhBFgjorYVRijhpE1gD_cclib.o', ...
'-silent', ...
'-largeArrayDims', ...
'-f', ...
'/Users/bradyplanden/Library/Application Support/MathWorks/MATLAB/R2018b/mex_C_maci64.xml', ...
'LDEXT=".dylib"', ...
'LINKEXPORT=', ...
'LINKEXPORTVER=', ...
'LDBUNDLE=-dynamiclib', ...
'-I/Applications/MATLAB_R2018b.app/extern/include', ...
'-I/Applications/MATLAB_R2018b.app/simulink/include', ...
'-I/Users/bradyplanden/Documents/Git Repos/SimulinkMPC/slprj/_slcc/eByOhBFgjorYVRijhpE1gD', ...
'-I/usr/lib', ...
'-I/Users/bradyplanden/Documents/Git Repos/SimulinkMPC/C_Caller_Example', ...
'-I/Users/bradyplanden/Documents/Git Repos/SimulinkMPC', ...
'CFLAGS=$CFLAGS  -fvisibility=hidden', ...
'LDFLAGS=$LDFLAGS -L"/Applications/MATLAB_R2018b.app/bin/maci64" -lmwsl_sfcn_cov_bridge -Wl,-all_load "/usr/lib/libblas.dylib" "/usr/lib/liblapack.dylib" "/Applications/MATLAB_R2018b.app/bin/maci64/libmwsl_sfcn_cov_bridge.dylib" ', ...
'-output', ...
'eByOhBFgjorYVRijhpE1gD_cclib');
