mex(...
'-c', ...
'/Users/bradyplanden/Documents/Git Repos/SimulinkMPC/C_Caller_Example/fmpc.c', ...
'/Users/bradyplanden/Documents/Git Repos/SimulinkMPC/C_Caller_Example/slprj/_slcc/1pktFzyLPbeieTZa7jSWZD/slcc_interface_1pktFzyLPbeieTZa7jSWZD.c', ...
'-silent', ...
'-largeArrayDims', ...
'-f', ...
'/Users/bradyplanden/Library/Application Support/MathWorks/MATLAB/R2018b/mex_C_maci64.xml', ...
'LDEXT=".dylib"', ...
'LINKEXPORT=', ...
'LINKEXPORTVER=', ...
'LDBUNDLE=-dynamiclib', ...
'-I/Applications/MATLAB_R2018b.app/extern/include', ...
'-I/Applications/MATLAB_R2018b.app/simulink/include', ...
'-I/Users/bradyplanden/Documents/Git Repos/SimulinkMPC/C_Caller_Example/slprj/_slcc/1pktFzyLPbeieTZa7jSWZD', ...
'-I/Users/bradyplanden/Documents/Git Repos/SimulinkMPC/C_Caller_Example/#include', ...
'-I/Users/bradyplanden/Documents/Git Repos/SimulinkMPC/C_Caller_Example', ...
'CFLAGS=$CFLAGS  -fvisibility=hidden');
mex(...
'fmpc.o', ...
'slcc_interface_1pktFzyLPbeieTZa7jSWZD.o', ...
'-silent', ...
'-largeArrayDims', ...
'-f', ...
'/Users/bradyplanden/Library/Application Support/MathWorks/MATLAB/R2018b/mex_C_maci64.xml', ...
'LDEXT=".dylib"', ...
'LINKEXPORT=', ...
'LINKEXPORTVER=', ...
'LDBUNDLE=-dynamiclib', ...
'-I/Applications/MATLAB_R2018b.app/extern/include', ...
'-I/Applications/MATLAB_R2018b.app/simulink/include', ...
'-I/Users/bradyplanden/Documents/Git Repos/SimulinkMPC/C_Caller_Example/slprj/_slcc/1pktFzyLPbeieTZa7jSWZD', ...
'-I/Users/bradyplanden/Documents/Git Repos/SimulinkMPC/C_Caller_Example/#include', ...
'-I/Users/bradyplanden/Documents/Git Repos/SimulinkMPC/C_Caller_Example', ...
'CFLAGS=$CFLAGS  -fvisibility=hidden', ...
'LDFLAGS=$LDFLAGS -L"/Applications/MATLAB_R2018b.app/bin/maci64" -lmwsl_sfcn_cov_bridge', ...
'-output', ...
'1pktFzyLPbeieTZa7jSWZD_cclib');
