mex(...
'-c', ...
'/Users/bradyplanden/Documents/Git Repos/SimulinkMPC/C_Caller_Example/fmpc_simulink.c', ...
'/Users/bradyplanden/Documents/Git Repos/SimulinkMPC/slprj/_slcc/63peQ03CMIH5UcmxGn2c7D/slcc_interface_63peQ03CMIH5UcmxGn2c7D.c', ...
'-silent', ...
'-largeArrayDims', ...
'-f', ...
'/Users/bradyplanden/Library/Application Support/MathWorks/MATLAB/R2018b/mex_C_maci64.xml', ...
'LDEXT=".dylib"', ...
'LINKEXPORT=', ...
'LINKEXPORTVER=', ...
'LDBUNDLE=-dynamiclib', ...
'-I/Applications/MATLAB_R2018b.app/extern/include', ...
'-I/Applications/MATLAB_R2018b.app/simulink/include', ...
'-I/Users/bradyplanden/Documents/Git Repos/SimulinkMPC/slprj/_slcc/63peQ03CMIH5UcmxGn2c7D', ...
'-I/usr/lib', ...
'-I/Users/bradyplanden/Documents/Git Repos/SimulinkMPC/C_Caller_Example', ...
'-I/Users/bradyplanden/Documents/Git Repos/SimulinkMPC', ...
'CFLAGS=$CFLAGS  -fvisibility=hidden');
mex(...
'fmpc_simulink.o', ...
'slcc_interface_63peQ03CMIH5UcmxGn2c7D.o', ...
'-silent', ...
'-largeArrayDims', ...
'-f', ...
'/Users/bradyplanden/Library/Application Support/MathWorks/MATLAB/R2018b/mex_C_maci64.xml', ...
'LDEXT=".dylib"', ...
'LINKEXPORT=', ...
'LINKEXPORTVER=', ...
'LDBUNDLE=-dynamiclib', ...
'-I/Applications/MATLAB_R2018b.app/extern/include', ...
'-I/Applications/MATLAB_R2018b.app/simulink/include', ...
'-I/Users/bradyplanden/Documents/Git Repos/SimulinkMPC/slprj/_slcc/63peQ03CMIH5UcmxGn2c7D', ...
'-I/usr/lib', ...
'-I/Users/bradyplanden/Documents/Git Repos/SimulinkMPC/C_Caller_Example', ...
'-I/Users/bradyplanden/Documents/Git Repos/SimulinkMPC', ...
'CFLAGS=$CFLAGS  -fvisibility=hidden', ...
'LDFLAGS=$LDFLAGS -L"/Applications/MATLAB_R2018b.app/bin/maci64" -lmwsl_sfcn_cov_bridge -Wl,-all_load "/usr/lib/libblas.dylib" "/usr/lib/liblapack.dylib" ', ...
'-output', ...
'63peQ03CMIH5UcmxGn2c7D_cclib');
